\BOOKMARK [0][-]{chapter.1}{\376\377\000N\000a\000m\000e\000s\000p\000a\000c\000e\000\040\000I\000n\000d\000e\000x}{}% 1
\BOOKMARK [1][-]{section.1.1}{\376\377\000P\000a\000c\000k\000a\000g\000e\000s}{chapter.1}% 2
\BOOKMARK [0][-]{chapter.2}{\376\377\000F\000i\000l\000e\000\040\000I\000n\000d\000e\000x}{}% 3
\BOOKMARK [1][-]{section.2.1}{\376\377\000F\000i\000l\000e\000\040\000L\000i\000s\000t}{chapter.2}% 4
\BOOKMARK [0][-]{chapter.3}{\376\377\000N\000a\000m\000e\000s\000p\000a\000c\000e\000\040\000D\000o\000c\000u\000m\000e\000n\000t\000a\000t\000i\000o\000n}{}% 5
\BOOKMARK [1][-]{section.3.1}{\376\377\000b\000u\000r\000g\000e\000r\000R\000u\000n\000\040\000N\000a\000m\000e\000s\000p\000a\000c\000e\000\040\000R\000e\000f\000e\000r\000e\000n\000c\000e}{chapter.3}% 6
\BOOKMARK [2][-]{subsection.3.1.1}{\376\377\000D\000e\000t\000a\000i\000l\000e\000d\000\040\000D\000e\000s\000c\000r\000i\000p\000t\000i\000o\000n}{section.3.1}% 7
\BOOKMARK [2][-]{subsection.3.1.2}{\376\377\000F\000u\000n\000c\000t\000i\000o\000n\000\040\000D\000o\000c\000u\000m\000e\000n\000t\000a\000t\000i\000o\000n}{section.3.1}% 8
\BOOKMARK [3][-]{subsubsection.3.1.2.1}{\376\377\000b\000y\000t\000e\000i\000f\000y}{subsection.3.1.2}% 9
\BOOKMARK [2][-]{subsection.3.1.3}{\376\377\000V\000a\000r\000i\000a\000b\000l\000e\000\040\000D\000o\000c\000u\000m\000e\000n\000t\000a\000t\000i\000o\000n}{section.3.1}% 10
\BOOKMARK [3][-]{subsubsection.3.1.3.1}{\376\377\000b\000u\000C\000n}{subsection.3.1.3}% 11
\BOOKMARK [3][-]{subsubsection.3.1.3.2}{\376\377\000b\000u\000d\000g\000e\000t}{subsection.3.1.3}% 12
\BOOKMARK [3][-]{subsubsection.3.1.3.3}{\376\377\000b\000u\000r\000g\000e\000r}{subsection.3.1.3}% 13
\BOOKMARK [3][-]{subsubsection.3.1.3.4}{\376\377\000c\000a\000l\000p\000e\000r\000c\000e\000n\000t}{subsection.3.1.3}% 14
\BOOKMARK [3][-]{subsubsection.3.1.3.5}{\376\377\000c\000h\000C\000n}{subsection.3.1.3}% 15
\BOOKMARK [3][-]{subsubsection.3.1.3.6}{\376\377\000c\000h\000i\000c\000k\000e\000n}{subsection.3.1.3}% 16
\BOOKMARK [3][-]{subsubsection.3.1.3.7}{\376\377\000d\000e\000C\000n}{subsection.3.1.3}% 17
\BOOKMARK [3][-]{subsubsection.3.1.3.8}{\376\377\000d\000e\000s\000s\000e\000r\000t}{subsection.3.1.3}% 18
\BOOKMARK [3][-]{subsubsection.3.1.3.9}{\376\377\000d\000r\000C\000n}{subsection.3.1.3}% 19
\BOOKMARK [3][-]{subsubsection.3.1.3.10}{\376\377\000d\000r\000i\000n\000k}{subsection.3.1.3}% 20
\BOOKMARK [3][-]{subsubsection.3.1.3.11}{\376\377\000f\000r\000C\000n}{subsection.3.1.3}% 21
\BOOKMARK [3][-]{subsubsection.3.1.3.12}{\376\377\000f\000r\000i\000e\000s}{subsection.3.1.3}% 22
\BOOKMARK [3][-]{subsubsection.3.1.3.13}{\376\377\000i\000t\000e\000m}{subsection.3.1.3}% 23
\BOOKMARK [3][-]{subsubsection.3.1.3.14}{\376\377\000m\000i\000n\000m\000o\000n\000e\000y}{subsection.3.1.3}% 24
\BOOKMARK [3][-]{subsubsection.3.1.3.15}{\376\377\000o\000r\000d\000e\000r}{subsection.3.1.3}% 25
\BOOKMARK [3][-]{subsubsection.3.1.3.16}{\376\377\000p\000r\000i\000c\000e}{subsection.3.1.3}% 26
\BOOKMARK [3][-]{subsubsection.3.1.3.17}{\376\377\000r}{subsection.3.1.3}% 27
\BOOKMARK [3][-]{subsubsection.3.1.3.18}{\376\377\000r\000e\000s\000p\000o\000n\000s\000e}{subsection.3.1.3}% 28
\BOOKMARK [3][-]{subsubsection.3.1.3.19}{\376\377\000r\000u\000n\0001}{subsection.3.1.3}% 29
\BOOKMARK [3][-]{subsubsection.3.1.3.20}{\376\377\000s\000a\000C\000n}{subsection.3.1.3}% 30
\BOOKMARK [3][-]{subsubsection.3.1.3.21}{\376\377\000s\000a\000l\000a\000d}{subsection.3.1.3}% 31
\BOOKMARK [3][-]{subsubsection.3.1.3.22}{\376\377\000s\000t\000a\000t\000s}{subsection.3.1.3}% 32
\BOOKMARK [3][-]{subsubsection.3.1.3.23}{\376\377\000u\000s\000r\000\137\000m\000o\000n\000e\000y}{subsection.3.1.3}% 33
\BOOKMARK [3][-]{subsubsection.3.1.3.24}{\376\377\000w\000o\000r\000k\000\137\000d\000i\000c\000t}{subsection.3.1.3}% 34
\BOOKMARK [1][-]{section.3.2}{\376\377\000c\000h\000i\000c\000k\000e\000n\000R\000u\000n\000\040\000N\000a\000m\000e\000s\000p\000a\000c\000e\000\040\000R\000e\000f\000e\000r\000e\000n\000c\000e}{chapter.3}% 35
\BOOKMARK [2][-]{subsection.3.2.1}{\376\377\000D\000e\000t\000a\000i\000l\000e\000d\000\040\000D\000e\000s\000c\000r\000i\000p\000t\000i\000o\000n}{section.3.2}% 36
\BOOKMARK [2][-]{subsection.3.2.2}{\376\377\000F\000u\000n\000c\000t\000i\000o\000n\000\040\000D\000o\000c\000u\000m\000e\000n\000t\000a\000t\000i\000o\000n}{section.3.2}% 37
\BOOKMARK [3][-]{subsubsection.3.2.2.1}{\376\377\000b\000y\000t\000e\000i\000f\000y}{subsection.3.2.2}% 38
\BOOKMARK [2][-]{subsection.3.2.3}{\376\377\000V\000a\000r\000i\000a\000b\000l\000e\000\040\000D\000o\000c\000u\000m\000e\000n\000t\000a\000t\000i\000o\000n}{section.3.2}% 39
\BOOKMARK [3][-]{subsubsection.3.2.3.1}{\376\377\000b\000u\000C\000n}{subsection.3.2.3}% 40
\BOOKMARK [3][-]{subsubsection.3.2.3.2}{\376\377\000b\000u\000d\000g\000e\000t}{subsection.3.2.3}% 41
\BOOKMARK [3][-]{subsubsection.3.2.3.3}{\376\377\000b\000u\000r\000g\000e\000r}{subsection.3.2.3}% 42
\BOOKMARK [3][-]{subsubsection.3.2.3.4}{\376\377\000c\000a\000l\000p\000e\000r\000c\000e\000n\000t}{subsection.3.2.3}% 43
\BOOKMARK [3][-]{subsubsection.3.2.3.5}{\376\377\000c\000h\000C\000n}{subsection.3.2.3}% 44
\BOOKMARK [3][-]{subsubsection.3.2.3.6}{\376\377\000c\000h\000i\000c\000k\000e\000n}{subsection.3.2.3}% 45
\BOOKMARK [3][-]{subsubsection.3.2.3.7}{\376\377\000d\000e\000C\000n}{subsection.3.2.3}% 46
\BOOKMARK [3][-]{subsubsection.3.2.3.8}{\376\377\000d\000e\000s\000s\000e\000r\000t}{subsection.3.2.3}% 47
\BOOKMARK [3][-]{subsubsection.3.2.3.9}{\376\377\000d\000r\000C\000n}{subsection.3.2.3}% 48
\BOOKMARK [3][-]{subsubsection.3.2.3.10}{\376\377\000d\000r\000i\000n\000k}{subsection.3.2.3}% 49
\BOOKMARK [3][-]{subsubsection.3.2.3.11}{\376\377\000f\000r\000C\000n}{subsection.3.2.3}% 50
\BOOKMARK [3][-]{subsubsection.3.2.3.12}{\376\377\000f\000r\000i\000e\000s}{subsection.3.2.3}% 51
\BOOKMARK [3][-]{subsubsection.3.2.3.13}{\376\377\000i\000t\000e\000m}{subsection.3.2.3}% 52
\BOOKMARK [3][-]{subsubsection.3.2.3.14}{\376\377\000m\000i\000n\000m\000o\000n\000e\000y}{subsection.3.2.3}% 53
\BOOKMARK [3][-]{subsubsection.3.2.3.15}{\376\377\000o\000r\000d\000e\000r}{subsection.3.2.3}% 54
\BOOKMARK [3][-]{subsubsection.3.2.3.16}{\376\377\000p\000r\000i\000c\000e}{subsection.3.2.3}% 55
\BOOKMARK [3][-]{subsubsection.3.2.3.17}{\376\377\000r}{subsection.3.2.3}% 56
\BOOKMARK [3][-]{subsubsection.3.2.3.18}{\376\377\000r\000e\000s\000p\000o\000n\000s\000e}{subsection.3.2.3}% 57
\BOOKMARK [3][-]{subsubsection.3.2.3.19}{\376\377\000r\000u\000n\0001}{subsection.3.2.3}% 58
\BOOKMARK [3][-]{subsubsection.3.2.3.20}{\376\377\000s\000a\000C\000n}{subsection.3.2.3}% 59
\BOOKMARK [3][-]{subsubsection.3.2.3.21}{\376\377\000s\000a\000l\000a\000d}{subsection.3.2.3}% 60
\BOOKMARK [3][-]{subsubsection.3.2.3.22}{\376\377\000s\000t\000a\000t\000s}{subsection.3.2.3}% 61
\BOOKMARK [3][-]{subsubsection.3.2.3.23}{\376\377\000u\000s\000r\000\137\000m\000o\000n\000e\000y}{subsection.3.2.3}% 62
\BOOKMARK [3][-]{subsubsection.3.2.3.24}{\376\377\000w\000o\000r\000k\000\137\000d\000i\000c\000t}{subsection.3.2.3}% 63
\BOOKMARK [1][-]{section.3.3}{\376\377\000d\000e\000s\000s\000e\000r\000t\000R\000u\000n\000\040\000N\000a\000m\000e\000s\000p\000a\000c\000e\000\040\000R\000e\000f\000e\000r\000e\000n\000c\000e}{chapter.3}% 64
\BOOKMARK [2][-]{subsection.3.3.1}{\376\377\000D\000e\000t\000a\000i\000l\000e\000d\000\040\000D\000e\000s\000c\000r\000i\000p\000t\000i\000o\000n}{section.3.3}% 65
\BOOKMARK [2][-]{subsection.3.3.2}{\376\377\000F\000u\000n\000c\000t\000i\000o\000n\000\040\000D\000o\000c\000u\000m\000e\000n\000t\000a\000t\000i\000o\000n}{section.3.3}% 66
\BOOKMARK [3][-]{subsubsection.3.3.2.1}{\376\377\000b\000y\000t\000e\000i\000f\000y}{subsection.3.3.2}% 67
\BOOKMARK [2][-]{subsection.3.3.3}{\376\377\000V\000a\000r\000i\000a\000b\000l\000e\000\040\000D\000o\000c\000u\000m\000e\000n\000t\000a\000t\000i\000o\000n}{section.3.3}% 68
\BOOKMARK [3][-]{subsubsection.3.3.3.1}{\376\377\000b\000u\000C\000n}{subsection.3.3.3}% 69
\BOOKMARK [3][-]{subsubsection.3.3.3.2}{\376\377\000b\000u\000d\000g\000e\000t}{subsection.3.3.3}% 70
\BOOKMARK [3][-]{subsubsection.3.3.3.3}{\376\377\000b\000u\000r\000g\000e\000r}{subsection.3.3.3}% 71
\BOOKMARK [3][-]{subsubsection.3.3.3.4}{\376\377\000c\000a\000l\000p\000e\000r\000c\000e\000n\000t}{subsection.3.3.3}% 72
\BOOKMARK [3][-]{subsubsection.3.3.3.5}{\376\377\000c\000h\000C\000n}{subsection.3.3.3}% 73
\BOOKMARK [3][-]{subsubsection.3.3.3.6}{\376\377\000c\000h\000i\000c\000k\000e\000n}{subsection.3.3.3}% 74
\BOOKMARK [3][-]{subsubsection.3.3.3.7}{\376\377\000d\000e\000C\000n}{subsection.3.3.3}% 75
\BOOKMARK [3][-]{subsubsection.3.3.3.8}{\376\377\000d\000e\000s\000s\000e\000r\000t}{subsection.3.3.3}% 76
\BOOKMARK [3][-]{subsubsection.3.3.3.9}{\376\377\000d\000r\000C\000n}{subsection.3.3.3}% 77
\BOOKMARK [3][-]{subsubsection.3.3.3.10}{\376\377\000d\000r\000i\000n\000k}{subsection.3.3.3}% 78
\BOOKMARK [3][-]{subsubsection.3.3.3.11}{\376\377\000f\000r\000C\000n}{subsection.3.3.3}% 79
\BOOKMARK [3][-]{subsubsection.3.3.3.12}{\376\377\000f\000r\000i\000e\000s}{subsection.3.3.3}% 80
\BOOKMARK [3][-]{subsubsection.3.3.3.13}{\376\377\000i\000t\000e\000m}{subsection.3.3.3}% 81
\BOOKMARK [3][-]{subsubsection.3.3.3.14}{\376\377\000m\000i\000n\000m\000o\000n\000e\000y}{subsection.3.3.3}% 82
\BOOKMARK [3][-]{subsubsection.3.3.3.15}{\376\377\000o\000r\000d\000e\000r}{subsection.3.3.3}% 83
\BOOKMARK [3][-]{subsubsection.3.3.3.16}{\376\377\000p\000r\000i\000c\000e}{subsection.3.3.3}% 84
\BOOKMARK [3][-]{subsubsection.3.3.3.17}{\376\377\000r}{subsection.3.3.3}% 85
\BOOKMARK [3][-]{subsubsection.3.3.3.18}{\376\377\000r\000e\000s\000p\000o\000n\000s\000e}{subsection.3.3.3}% 86
\BOOKMARK [3][-]{subsubsection.3.3.3.19}{\376\377\000r\000u\000n\0001}{subsection.3.3.3}% 87
\BOOKMARK [3][-]{subsubsection.3.3.3.20}{\376\377\000s\000a\000C\000n}{subsection.3.3.3}% 88
\BOOKMARK [3][-]{subsubsection.3.3.3.21}{\376\377\000s\000a\000l\000a\000d}{subsection.3.3.3}% 89
\BOOKMARK [3][-]{subsubsection.3.3.3.22}{\376\377\000s\000t\000a\000t\000s}{subsection.3.3.3}% 90
\BOOKMARK [3][-]{subsubsection.3.3.3.23}{\376\377\000u\000s\000r\000\137\000m\000o\000n\000e\000y}{subsection.3.3.3}% 91
\BOOKMARK [3][-]{subsubsection.3.3.3.24}{\376\377\000w\000o\000r\000k\000\137\000d\000i\000c\000t}{subsection.3.3.3}% 92
\BOOKMARK [1][-]{section.3.4}{\376\377\000d\000r\000i\000n\000k\000s\000R\000u\000n\000\040\000N\000a\000m\000e\000s\000p\000a\000c\000e\000\040\000R\000e\000f\000e\000r\000e\000n\000c\000e}{chapter.3}% 93
\BOOKMARK [2][-]{subsection.3.4.1}{\376\377\000D\000e\000t\000a\000i\000l\000e\000d\000\040\000D\000e\000s\000c\000r\000i\000p\000t\000i\000o\000n}{section.3.4}% 94
\BOOKMARK [2][-]{subsection.3.4.2}{\376\377\000F\000u\000n\000c\000t\000i\000o\000n\000\040\000D\000o\000c\000u\000m\000e\000n\000t\000a\000t\000i\000o\000n}{section.3.4}% 95
\BOOKMARK [3][-]{subsubsection.3.4.2.1}{\376\377\000b\000y\000t\000e\000i\000f\000y}{subsection.3.4.2}% 96
\BOOKMARK [2][-]{subsection.3.4.3}{\376\377\000V\000a\000r\000i\000a\000b\000l\000e\000\040\000D\000o\000c\000u\000m\000e\000n\000t\000a\000t\000i\000o\000n}{section.3.4}% 97
\BOOKMARK [3][-]{subsubsection.3.4.3.1}{\376\377\000b\000u\000C\000n}{subsection.3.4.3}% 98
\BOOKMARK [3][-]{subsubsection.3.4.3.2}{\376\377\000b\000u\000d\000g\000e\000t}{subsection.3.4.3}% 99
\BOOKMARK [3][-]{subsubsection.3.4.3.3}{\376\377\000b\000u\000r\000g\000e\000r}{subsection.3.4.3}% 100
\BOOKMARK [3][-]{subsubsection.3.4.3.4}{\376\377\000c\000a\000l\000p\000e\000r\000c\000e\000n\000t}{subsection.3.4.3}% 101
\BOOKMARK [3][-]{subsubsection.3.4.3.5}{\376\377\000c\000h\000C\000n}{subsection.3.4.3}% 102
\BOOKMARK [3][-]{subsubsection.3.4.3.6}{\376\377\000c\000h\000i\000c\000k\000e\000n}{subsection.3.4.3}% 103
\BOOKMARK [3][-]{subsubsection.3.4.3.7}{\376\377\000d\000e\000C\000n}{subsection.3.4.3}% 104
\BOOKMARK [3][-]{subsubsection.3.4.3.8}{\376\377\000d\000e\000s\000s\000e\000r\000t}{subsection.3.4.3}% 105
\BOOKMARK [3][-]{subsubsection.3.4.3.9}{\376\377\000d\000r\000C\000n}{subsection.3.4.3}% 106
\BOOKMARK [3][-]{subsubsection.3.4.3.10}{\376\377\000d\000r\000i\000n\000k}{subsection.3.4.3}% 107
\BOOKMARK [3][-]{subsubsection.3.4.3.11}{\376\377\000f\000r\000C\000n}{subsection.3.4.3}% 108
\BOOKMARK [3][-]{subsubsection.3.4.3.12}{\376\377\000f\000r\000i\000e\000s}{subsection.3.4.3}% 109
\BOOKMARK [3][-]{subsubsection.3.4.3.13}{\376\377\000i\000t\000e\000m}{subsection.3.4.3}% 110
\BOOKMARK [3][-]{subsubsection.3.4.3.14}{\376\377\000m\000i\000n\000m\000o\000n\000e\000y}{subsection.3.4.3}% 111
\BOOKMARK [3][-]{subsubsection.3.4.3.15}{\376\377\000o\000r\000d\000e\000r}{subsection.3.4.3}% 112
\BOOKMARK [3][-]{subsubsection.3.4.3.16}{\376\377\000p\000r\000i\000c\000e}{subsection.3.4.3}% 113
\BOOKMARK [3][-]{subsubsection.3.4.3.17}{\376\377\000r}{subsection.3.4.3}% 114
\BOOKMARK [3][-]{subsubsection.3.4.3.18}{\376\377\000r\000e\000s\000p\000o\000n\000s\000e}{subsection.3.4.3}% 115
\BOOKMARK [3][-]{subsubsection.3.4.3.19}{\376\377\000r\000u\000n\0001}{subsection.3.4.3}% 116
\BOOKMARK [3][-]{subsubsection.3.4.3.20}{\376\377\000s\000a\000C\000n}{subsection.3.4.3}% 117
\BOOKMARK [3][-]{subsubsection.3.4.3.21}{\376\377\000s\000a\000l\000a\000d}{subsection.3.4.3}% 118
\BOOKMARK [3][-]{subsubsection.3.4.3.22}{\376\377\000s\000t\000a\000t\000s}{subsection.3.4.3}% 119
\BOOKMARK [3][-]{subsubsection.3.4.3.23}{\376\377\000u\000s\000r\000\137\000m\000o\000n\000e\000y}{subsection.3.4.3}% 120
\BOOKMARK [3][-]{subsubsection.3.4.3.24}{\376\377\000w\000o\000r\000k\000\137\000d\000i\000c\000t}{subsection.3.4.3}% 121
\BOOKMARK [1][-]{section.3.5}{\376\377\000f\000r\000i\000e\000s\000R\000u\000n\000\040\000N\000a\000m\000e\000s\000p\000a\000c\000e\000\040\000R\000e\000f\000e\000r\000e\000n\000c\000e}{chapter.3}% 122
\BOOKMARK [2][-]{subsection.3.5.1}{\376\377\000D\000e\000t\000a\000i\000l\000e\000d\000\040\000D\000e\000s\000c\000r\000i\000p\000t\000i\000o\000n}{section.3.5}% 123
\BOOKMARK [2][-]{subsection.3.5.2}{\376\377\000F\000u\000n\000c\000t\000i\000o\000n\000\040\000D\000o\000c\000u\000m\000e\000n\000t\000a\000t\000i\000o\000n}{section.3.5}% 124
\BOOKMARK [3][-]{subsubsection.3.5.2.1}{\376\377\000b\000y\000t\000e\000i\000f\000y}{subsection.3.5.2}% 125
\BOOKMARK [2][-]{subsection.3.5.3}{\376\377\000V\000a\000r\000i\000a\000b\000l\000e\000\040\000D\000o\000c\000u\000m\000e\000n\000t\000a\000t\000i\000o\000n}{section.3.5}% 126
\BOOKMARK [3][-]{subsubsection.3.5.3.1}{\376\377\000b\000u\000C\000n}{subsection.3.5.3}% 127
\BOOKMARK [3][-]{subsubsection.3.5.3.2}{\376\377\000b\000u\000d\000g\000e\000t}{subsection.3.5.3}% 128
\BOOKMARK [3][-]{subsubsection.3.5.3.3}{\376\377\000b\000u\000r\000g\000e\000r}{subsection.3.5.3}% 129
\BOOKMARK [3][-]{subsubsection.3.5.3.4}{\376\377\000c\000a\000l\000p\000e\000r\000c\000e\000n\000t}{subsection.3.5.3}% 130
\BOOKMARK [3][-]{subsubsection.3.5.3.5}{\376\377\000c\000h\000C\000n}{subsection.3.5.3}% 131
\BOOKMARK [3][-]{subsubsection.3.5.3.6}{\376\377\000c\000h\000i\000c\000k\000e\000n}{subsection.3.5.3}% 132
\BOOKMARK [3][-]{subsubsection.3.5.3.7}{\376\377\000d\000e\000C\000n}{subsection.3.5.3}% 133
\BOOKMARK [3][-]{subsubsection.3.5.3.8}{\376\377\000d\000e\000s\000s\000e\000r\000t}{subsection.3.5.3}% 134
\BOOKMARK [3][-]{subsubsection.3.5.3.9}{\376\377\000d\000r\000C\000n}{subsection.3.5.3}% 135
\BOOKMARK [3][-]{subsubsection.3.5.3.10}{\376\377\000d\000r\000i\000n\000k}{subsection.3.5.3}% 136
\BOOKMARK [3][-]{subsubsection.3.5.3.11}{\376\377\000f\000r\000C\000n}{subsection.3.5.3}% 137
\BOOKMARK [3][-]{subsubsection.3.5.3.12}{\376\377\000f\000r\000i\000e\000s}{subsection.3.5.3}% 138
\BOOKMARK [3][-]{subsubsection.3.5.3.13}{\376\377\000i\000t\000e\000m}{subsection.3.5.3}% 139
\BOOKMARK [3][-]{subsubsection.3.5.3.14}{\376\377\000m\000i\000n\000m\000o\000n\000e\000y}{subsection.3.5.3}% 140
\BOOKMARK [3][-]{subsubsection.3.5.3.15}{\376\377\000o\000r\000d\000e\000r}{subsection.3.5.3}% 141
\BOOKMARK [3][-]{subsubsection.3.5.3.16}{\376\377\000p\000r\000i\000c\000e}{subsection.3.5.3}% 142
\BOOKMARK [3][-]{subsubsection.3.5.3.17}{\376\377\000r}{subsection.3.5.3}% 143
\BOOKMARK [3][-]{subsubsection.3.5.3.18}{\376\377\000r\000e\000s\000p\000o\000n\000s\000e}{subsection.3.5.3}% 144
\BOOKMARK [3][-]{subsubsection.3.5.3.19}{\376\377\000r\000u\000n\0001}{subsection.3.5.3}% 145
\BOOKMARK [3][-]{subsubsection.3.5.3.20}{\376\377\000s\000a\000C\000n}{subsection.3.5.3}% 146
\BOOKMARK [3][-]{subsubsection.3.5.3.21}{\376\377\000s\000a\000l\000a\000d}{subsection.3.5.3}% 147
\BOOKMARK [3][-]{subsubsection.3.5.3.22}{\376\377\000s\000t\000a\000t\000s}{subsection.3.5.3}% 148
\BOOKMARK [3][-]{subsubsection.3.5.3.23}{\376\377\000u\000s\000r\000\137\000m\000o\000n\000e\000y}{subsection.3.5.3}% 149
\BOOKMARK [3][-]{subsubsection.3.5.3.24}{\376\377\000w\000o\000r\000k\000\137\000d\000i\000c\000t}{subsection.3.5.3}% 150
\BOOKMARK [1][-]{section.3.6}{\376\377\000s\000a\000l\000a\000d\000R\000u\000n\000\040\000N\000a\000m\000e\000s\000p\000a\000c\000e\000\040\000R\000e\000f\000e\000r\000e\000n\000c\000e}{chapter.3}% 151
\BOOKMARK [2][-]{subsection.3.6.1}{\376\377\000D\000e\000t\000a\000i\000l\000e\000d\000\040\000D\000e\000s\000c\000r\000i\000p\000t\000i\000o\000n}{section.3.6}% 152
\BOOKMARK [2][-]{subsection.3.6.2}{\376\377\000F\000u\000n\000c\000t\000i\000o\000n\000\040\000D\000o\000c\000u\000m\000e\000n\000t\000a\000t\000i\000o\000n}{section.3.6}% 153
\BOOKMARK [3][-]{subsubsection.3.6.2.1}{\376\377\000b\000y\000t\000e\000i\000f\000y}{subsection.3.6.2}% 154
\BOOKMARK [2][-]{subsection.3.6.3}{\376\377\000V\000a\000r\000i\000a\000b\000l\000e\000\040\000D\000o\000c\000u\000m\000e\000n\000t\000a\000t\000i\000o\000n}{section.3.6}% 155
\BOOKMARK [3][-]{subsubsection.3.6.3.1}{\376\377\000b\000u\000C\000n}{subsection.3.6.3}% 156
\BOOKMARK [3][-]{subsubsection.3.6.3.2}{\376\377\000b\000u\000d\000g\000e\000t}{subsection.3.6.3}% 157
\BOOKMARK [3][-]{subsubsection.3.6.3.3}{\376\377\000b\000u\000r\000g\000e\000r}{subsection.3.6.3}% 158
\BOOKMARK [3][-]{subsubsection.3.6.3.4}{\376\377\000c\000a\000l\000p\000e\000r\000c\000e\000n\000t}{subsection.3.6.3}% 159
\BOOKMARK [3][-]{subsubsection.3.6.3.5}{\376\377\000c\000h\000C\000n}{subsection.3.6.3}% 160
\BOOKMARK [3][-]{subsubsection.3.6.3.6}{\376\377\000c\000h\000i\000c\000k\000e\000n}{subsection.3.6.3}% 161
\BOOKMARK [3][-]{subsubsection.3.6.3.7}{\376\377\000d\000e\000C\000n}{subsection.3.6.3}% 162
\BOOKMARK [3][-]{subsubsection.3.6.3.8}{\376\377\000d\000e\000s\000s\000e\000r\000t}{subsection.3.6.3}% 163
\BOOKMARK [3][-]{subsubsection.3.6.3.9}{\376\377\000d\000r\000C\000n}{subsection.3.6.3}% 164
\BOOKMARK [3][-]{subsubsection.3.6.3.10}{\376\377\000d\000r\000i\000n\000k}{subsection.3.6.3}% 165
\BOOKMARK [3][-]{subsubsection.3.6.3.11}{\376\377\000f\000r\000C\000n}{subsection.3.6.3}% 166
\BOOKMARK [3][-]{subsubsection.3.6.3.12}{\376\377\000f\000r\000i\000e\000s}{subsection.3.6.3}% 167
\BOOKMARK [3][-]{subsubsection.3.6.3.13}{\376\377\000i\000t\000e\000m}{subsection.3.6.3}% 168
\BOOKMARK [3][-]{subsubsection.3.6.3.14}{\376\377\000m\000i\000n\000m\000o\000n\000e\000y}{subsection.3.6.3}% 169
\BOOKMARK [3][-]{subsubsection.3.6.3.15}{\376\377\000o\000r\000d\000e\000r}{subsection.3.6.3}% 170
\BOOKMARK [3][-]{subsubsection.3.6.3.16}{\376\377\000p\000r\000i\000c\000e}{subsection.3.6.3}% 171
\BOOKMARK [3][-]{subsubsection.3.6.3.17}{\376\377\000r}{subsection.3.6.3}% 172
\BOOKMARK [3][-]{subsubsection.3.6.3.18}{\376\377\000r\000e\000s\000p\000o\000n\000s\000e}{subsection.3.6.3}% 173
\BOOKMARK [3][-]{subsubsection.3.6.3.19}{\376\377\000r\000u\000n\0001}{subsection.3.6.3}% 174
\BOOKMARK [3][-]{subsubsection.3.6.3.20}{\376\377\000s\000a\000C\000n}{subsection.3.6.3}% 175
\BOOKMARK [3][-]{subsubsection.3.6.3.21}{\376\377\000s\000a\000l\000a\000d}{subsection.3.6.3}% 176
\BOOKMARK [3][-]{subsubsection.3.6.3.22}{\376\377\000s\000t\000a\000t\000s}{subsection.3.6.3}% 177
\BOOKMARK [3][-]{subsubsection.3.6.3.23}{\376\377\000u\000s\000r\000\137\000m\000o\000n\000e\000y}{subsection.3.6.3}% 178
\BOOKMARK [3][-]{subsubsection.3.6.3.24}{\376\377\000w\000o\000r\000k\000\137\000d\000i\000c\000t}{subsection.3.6.3}% 179
\BOOKMARK [0][-]{chapter.4}{\376\377\000F\000i\000l\000e\000\040\000D\000o\000c\000u\000m\000e\000n\000t\000a\000t\000i\000o\000n}{}% 180
\BOOKMARK [1][-]{section.4.1}{\376\377\000b\000u\000r\000g\000e\000r\000R\000u\000n\000.\000p\000y\000\040\000F\000i\000l\000e\000\040\000R\000e\000f\000e\000r\000e\000n\000c\000e}{chapter.4}% 181
\BOOKMARK [1][-]{section.4.2}{\376\377\000c\000h\000i\000c\000k\000e\000n\000R\000u\000n\000.\000p\000y\000\040\000F\000i\000l\000e\000\040\000R\000e\000f\000e\000r\000e\000n\000c\000e}{chapter.4}% 182
\BOOKMARK [1][-]{section.4.3}{\376\377\000d\000e\000s\000s\000e\000r\000t\000R\000u\000n\000.\000p\000y\000\040\000F\000i\000l\000e\000\040\000R\000e\000f\000e\000r\000e\000n\000c\000e}{chapter.4}% 183
\BOOKMARK [1][-]{section.4.4}{\376\377\000d\000r\000i\000n\000k\000s\000R\000u\000n\000.\000p\000y\000\040\000F\000i\000l\000e\000\040\000R\000e\000f\000e\000r\000e\000n\000c\000e}{chapter.4}% 184
\BOOKMARK [1][-]{section.4.5}{\376\377\000f\000r\000i\000e\000s\000R\000u\000n\000.\000p\000y\000\040\000F\000i\000l\000e\000\040\000R\000e\000f\000e\000r\000e\000n\000c\000e}{chapter.4}% 185
\BOOKMARK [1][-]{section.4.6}{\376\377\000s\000a\000l\000a\000d\000R\000u\000n\000.\000p\000y\000\040\000F\000i\000l\000e\000\040\000R\000e\000f\000e\000r\000e\000n\000c\000e}{chapter.4}% 186
\BOOKMARK [0][-]{section*.32}{\376\377\000I\000n\000d\000e\000x}{}% 187
